<?xml version="1.0" encoding="UTF-8"?>
<!-- Generated by org.testng.reporters.JUnitReportReporter -->
<testsuite skipped="0" hostname="manpreet.local" name="DemoTest" tests="1" failures="0" timestamp="23 Sep 2018 06:30:04 GMT" time="0.009" errors="0">
  <testcase name="demo" time="0.009" classname="DemoTest"/>
</testsuite> <!-- DemoTest -->
